[00:33:59] [ServerMain/INFO]: [bootstrap] Running Java 21 (OpenJDK 64-Bit Server VM 21.0.7+6-Ubuntu-0ubuntu120.04; Ubuntu null) on Linux 6.8.0-1027-azure (amd64)
[00:33:59] [ServerMain/INFO]: [bootstrap] Loading Paper 1.21-130-master@b1b5d4c (2024-08-10T10:02:42Z) for Minecraft 1.21
[00:33:59] [ServerMain/INFO]: [PluginInitializerManager] Initializing plugins...
[00:33:59] [ServerMain/INFO]: [PluginInitializerManager] Initialized 3 plugins
[00:33:59] [ServerMain/INFO]: [PluginInitializerManager] Bukkit plugins (3):
 - Geyser-Spigot (2.7.1-SNAPSHOT), ViaVersion (5.3.2), floodgate (2.2.4-SNAPSHOT (b116-0e3163c))
[00:34:04] [ServerMain/INFO]: Environment: Environment[sessionHost=https://sessionserver.mojang.com, servicesHost=https://api.minecraftservices.com, name=PROD]
[00:34:06] [ServerMain/INFO]: Loaded 1290 recipes
[00:34:06] [ServerMain/INFO]: Loaded 1399 advancements
[00:34:06] [Server thread/INFO]: Starting minecraft server version 1.21
[00:34:06] [Server thread/INFO]: Loading properties
[00:34:06] [Server thread/INFO]: This server is running Paper version 1.21-130-master@b1b5d4c (2024-08-10T10:02:42Z) (Implementing API version 1.21-R0.1-SNAPSHOT)
[00:34:07] [Server thread/INFO]: [spark] This server bundles the spark profiler. For more information please visit https://docs.papermc.io/paper/profiling
[00:34:07] [Server thread/INFO]: Server Ping Player Sample Count: 12
[00:34:07] [Server thread/INFO]: Using 4 threads for Netty based IO
[00:34:08] [Server thread/INFO]: [ChunkTaskScheduler] Chunk system is using 1 I/O threads, 1 worker threads, and population gen parallelism of 1 threads
[00:34:08] [Server thread/INFO]: Default game type: SURVIVAL
[00:34:08] [Server thread/INFO]: Generating keypair
[00:34:08] [Server thread/INFO]: Starting Minecraft server on *:25565
[00:34:08] [Server thread/INFO]: Using epoll channel type
[00:34:08] [Server thread/INFO]: Paper: Using libdeflate (Linux x86_64) compression from Velocity.
[00:34:08] [Server thread/INFO]: Paper: Using OpenSSL 1.1.x (Linux x86_64) cipher from Velocity.
[00:34:09] [Server thread/INFO]: [floodgate] Loading server plugin floodgate v2.2.4-SNAPSHOT (b116-0e3163c)
[00:34:11] [Server thread/WARN]: [floodgate] en_ is not a supported Floodgate language.
[00:34:11] [Server thread/INFO]: [floodgate] Took 2,168ms to boot Floodgate
[00:34:11] [Server thread/INFO]: [ViaVersion] Loading server plugin ViaVersion v5.3.2
[00:34:11] [Server thread/INFO]: [ViaVersion] ViaVersion 5.3.2 is now loaded. Registering protocol transformers and injecting...
[00:34:12] [Via-Mappingloader-0/INFO]: [ViaVersion] Loading block connection mappings ...
[00:34:13] [Via-Mappingloader-0/INFO]: [ViaVersion] Using FastUtil Long2ObjectOpenHashMap for block connections
[00:34:14] [Server thread/INFO]: [Geyser-Spigot] Loading server plugin Geyser-Spigot v2.7.1-SNAPSHOT
[00:34:16] [Server thread/INFO]: [Geyser-Spigot] Loading extensions...
[00:34:16] [Server thread/INFO]: [Geyser-Spigot] Loaded 0 extension(s)
[00:34:16] [Server thread/INFO]: Server permissions file permissions.yml is empty, ignoring it
[00:34:16] [Server thread/INFO]: Preparing level "world"
[00:34:16] [Server thread/INFO]: Preparing start region for dimension minecraft:overworld
[00:34:17] [Server thread/INFO]: Time elapsed: 1299 ms
[00:34:17] [Server thread/INFO]: Preparing start region for dimension minecraft:the_nether
[00:34:17] [Server thread/INFO]: Time elapsed: 156 ms
[00:34:17] [Server thread/INFO]: Preparing start region for dimension minecraft:the_end
[00:34:18] [Server thread/INFO]: Time elapsed: 141 ms
[00:34:18] [Server thread/INFO]: [floodgate] Enabling floodgate v2.2.4-SNAPSHOT (b116-0e3163c)
[00:34:18] [Server thread/INFO]: [ViaVersion] Enabling ViaVersion v5.3.2
[00:34:18] [Server thread/INFO]: [ViaVersion] ViaVersion detected server version: 1.21-1.21.1 (767)
[00:34:19] [Server thread/INFO]: [Geyser-Spigot] Enabling Geyser-Spigot v2.7.1-SNAPSHOT
[00:34:19] [Server thread/INFO]: [spark] Starting background profiler...
[00:34:19] [Server thread/INFO]: [Geyser-Spigot] ******************************************
[00:34:19] [Server thread/INFO]: [Geyser-Spigot] 
[00:34:19] [Server thread/INFO]: [Geyser-Spigot] Loading Geyser version 2.7.1-b833 (git-master-d0be6d9)
[00:34:19] [Server thread/INFO]: [Geyser-Spigot] 
[00:34:19] [Server thread/INFO]: [Geyser-Spigot] ******************************************
[00:34:28] [epollEventLoopGroup-3-1/INFO]: [Geyser-Spigot] Started Geyser on UDP port 19132
[00:34:28] [Server thread/INFO]: [Geyser-Spigot] Done (8.444s)! Run /geyser help for help!
[00:34:28] [Server thread/INFO]: Done preparing level "world" (12.512s)
[00:34:28] [Server thread/INFO]: Running delayed init tasks
[00:34:28] [Craft Scheduler Thread - 2 - ViaVersion/INFO]: [ViaVersion] Finished mapping loading, shutting down loader executor.
[00:34:28] [Server thread/INFO]: Done (30.149s)! For help, type "help"
[00:34:28] [Server thread/INFO]: Timings Reset
